<?xml version="1.0" encoding="UTF-8"?>
<!-- Generated by org.testng.reporters.JUnitReportReporter -->
<testsuite skipped="0" hostname="personal-PC" name="crm_qa_testcases.LoginPagrTest" tests="2" failures="0" timestamp="27 Mar 2018 08:52:12 GMT" time="69.035" errors="0">
  <testcase name="LoginPageVerificationTest" time="16.804" classname="crm_qa_testcases.LoginPagrTest"/>
  <testcase name="LoginTest" time="52.231" classname="crm_qa_testcases.LoginPagrTest"/>
</testsuite> <!-- crm_qa_testcases.LoginPagrTest -->
